build/outputs/logs/manifest-merger-debug-report.txt
-- Merging decision tree log ---
manifest
ADDED from ANDROID_2\bluetoochapp\AndroidManifest.xml:2:1-143:12
INJECTED from ANDROID_2\bluetoochapp\AndroidManifest.xml:2:1-143:12
INJECTED from ANDROID_2\bluetoochapp\AndroidManifest.xml:2:1-143:12
MERGED from [com.android.support:design:28.0.0] AndroidManifest.xml:17:1-24:12
MERGED from [com.android.support:appcompat-v7:28.0.0] AndroidManifest.xml:17:1-22:12
MERGED from [com.android.support:support-v4:28.0.0] AndroidManifest.xml:17:1-22:12
MERGED from [com.github.PhilJay:MPAndroidChart:v3.1.0-alpha] AndroidManifest.xml:2:1-20:12
MERGED from [com.android.support.constraint:constraint-layout:1.1.3] AndroidManifest.xml:2:1-11:12
MERGED from [com.android.support:support-fragment:28.0.0] AndroidManifest.xml:17:1-22:12
MERGED from [com.android.support:animated-vector-drawable:28.0.0] AndroidManifest.xml:17:1-22:12
MERGED from [com.android.support:recyclerview-v7:28.0.0] AndroidManifest.xml:17:1-22:12
MERGED from [com.android.support:support-core-ui:28.0.0] AndroidManifest.xml:17:1-22:12
MERGED from [com.android.support:support-core-utils:28.0.0] AndroidManifest.xml:17:1-22:12
MERGED from [com.android.support:support-vector-drawable:28.0.0] AndroidManifest.xml:17:1-22:12
MERGED from [com.android.support:support-media-compat:28.0.0] AndroidManifest.xml:17:1-22:12
MERGED from [com.android.support:transition:28.0.0] AndroidManifest.xml:17:1-22:12
MERGED from [com.android.support:loader:28.0.0] AndroidManifest.xml:17:1-22:12
MERGED from [com.android.support:viewpager:28.0.0] AndroidManifest.xml:17:1-22:12
MERGED from [com.android.support:coordinatorlayout:28.0.0] AndroidManifest.xml:17:1-22:12
MERGED from [com.android.support:drawerlayout:28.0.0] AndroidManifest.xml:17:1-22:12
MERGED from [com.android.support:slidingpanelayout:28.0.0] AndroidManifest.xml:17:1-22:12
MERGED from [com.android.support:customview:28.0.0] AndroidManifest.xml:17:1-22:12
MERGED from [com.android.support:swiperefreshlayout:28.0.0] AndroidManifest.xml:17:1-22:12
MERGED from [com.android.support:asynclayoutinflater:28.0.0] AndroidManifest.xml:17:1-22:12
MERGED from [com.android.support:support-compat:28.0.0] AndroidManifest.xml:17:1-24:12
MERGED from [com.android.support:versionedparcelable:28.0.0] AndroidManifest.xml:17:1-25:12
MERGED from [com.android.support:cursoradapter:28.0.0] AndroidManifest.xml:17:1-22:12
MERGED from [com.android.support:cardview-v7:28.0.0] AndroidManifest.xml:17:1-22:12
MERGED from [android.arch.lifecycle:runtime:1.1.1] AndroidManifest.xml:17:1-22:12
MERGED from [com.android.support:documentfile:28.0.0] AndroidManifest.xml:17:1-22:12
MERGED from [com.android.support:localbroadcastmanager:28.0.0] AndroidManifest.xml:17:1-22:12
MERGED from [com.android.support:print:28.0.0] AndroidManifest.xml:17:1-22:12
MERGED from [android.arch.lifecycle:viewmodel:1.1.1] AndroidManifest.xml:17:1-22:12
MERGED from [com.android.support:interpolator:28.0.0] AndroidManifest.xml:17:1-22:12
MERGED from [android.arch.lifecycle:livedata:1.1.1] AndroidManifest.xml:17:1-22:12
MERGED from [android.arch.lifecycle:livedata-core:1.1.1] AndroidManifest.xml:17:1-22:12
MERGED from [android.arch.core:runtime:1.1.1] AndroidManifest.xml:17:1-22:12
INJECTED from ANDROID_2\bluetoochapp\AndroidManifest.xml:2:1-143:12
INJECTED from ANDROID_2\bluetoochapp\AndroidManifest.xml:2:1-143:12
	package
		ADDED from ANDROID_2\bluetoochapp\AndroidManifest.xml:3:5-32
	android:versionName
		ADDED from ANDROID_2\bluetoochapp\AndroidManifest.xml:5:5-35
		INJECTED from ANDROID_2\bluetoochapp\AndroidManifest.xml
		INJECTED from ANDROID_2\bluetoochapp\AndroidManifest.xml
	xmlns:android
		ADDED from ANDROID_2\bluetoochapp\AndroidManifest.xml:2:11-69
	android:versionCode
		ADDED from ANDROID_2\bluetoochapp\AndroidManifest.xml:4:5-28
		INJECTED from ANDROID_2\bluetoochapp\AndroidManifest.xml
		INJECTED from ANDROID_2\bluetoochapp\AndroidManifest.xml
uses-feature#android.hardware.bluetooth_le
ADDED from ANDROID_2\bluetoochapp\AndroidManifest.xml:13:5-15:35
	android:required
		ADDED from ANDROID_2\bluetoochapp\AndroidManifest.xml:15:9-32
	android:name
		ADDED from ANDROID_2\bluetoochapp\AndroidManifest.xml:14:9-53
uses-permission#android.permission.BLUETOOTH
ADDED from ANDROID_2\bluetoochapp\AndroidManifest.xml:17:5-68
	android:name
		ADDED from ANDROID_2\bluetoochapp\AndroidManifest.xml:17:22-65
uses-permission#android.permission.BLUETOOTH_ADMIN
ADDED from ANDROID_2\bluetoochapp\AndroidManifest.xml:18:5-74
	android:name
		ADDED from ANDROID_2\bluetoochapp\AndroidManifest.xml:18:22-71
uses-permission#android.permission.ACCESS_COARSE_LOCATION
ADDED from ANDROID_2\bluetoochapp\AndroidManifest.xml:19:5-80
	android:name
		ADDED from ANDROID_2\bluetoochapp\AndroidManifest.xml:19:22-78
uses-permission#android.permission.ACCESS_FINE_LOCATION
ADDED from ANDROID_2\bluetoochapp\AndroidManifest.xml:20:5-79
	android:name
		ADDED from ANDROID_2\bluetoochapp\AndroidManifest.xml:20:22-76
uses-permission#android.permission.WRITE_EXTERNAL_STORAGE
ADDED from ANDROID_2\bluetoochapp\AndroidManifest.xml:21:5-81
	android:name
		ADDED from ANDROID_2\bluetoochapp\AndroidManifest.xml:21:22-78
uses-permission#android.permission.READ_EXTERNAL_STORAGE
ADDED from ANDROID_2\bluetoochapp\AndroidManifest.xml:22:5-80
	android:name
		ADDED from ANDROID_2\bluetoochapp\AndroidManifest.xml:22:22-77
uses-permission#android.permission.INTERNET
ADDED from ANDROID_2\bluetoochapp\AndroidManifest.xml:23:5-67
	android:name
		ADDED from ANDROID_2\bluetoochapp\AndroidManifest.xml:23:22-64
uses-permission#android.permission.ACCESS_NETWORK_STATE
ADDED from ANDROID_2\bluetoochapp\AndroidManifest.xml:24:5-79
	android:name
		ADDED from ANDROID_2\bluetoochapp\AndroidManifest.xml:24:22-76
application
ADDED from ANDROID_2\bluetoochapp\AndroidManifest.xml:26:5-141:19
MERGED from [com.android.support:design:28.0.0] AndroidManifest.xml:22:5-20
MERGED from [com.android.support:design:28.0.0] AndroidManifest.xml:22:5-20
MERGED from [com.android.support.constraint:constraint-layout:1.1.3] AndroidManifest.xml:9:5-20
MERGED from [com.android.support.constraint:constraint-layout:1.1.3] AndroidManifest.xml:9:5-20
MERGED from [com.android.support:support-compat:28.0.0] AndroidManifest.xml:22:5-94
MERGED from [com.android.support:support-compat:28.0.0] AndroidManifest.xml:22:5-94
MERGED from [com.android.support:versionedparcelable:28.0.0] AndroidManifest.xml:22:5-23:19
MERGED from [com.android.support:versionedparcelable:28.0.0] AndroidManifest.xml:22:5-23:19
	android:appComponentFactory
		ADDED from [com.android.support:support-compat:28.0.0] AndroidManifest.xml:22:18-91
	android:supportsRtl
		ADDED from ANDROID_2\bluetoochapp\AndroidManifest.xml:31:9-35
	android:label
		ADDED from ANDROID_2\bluetoochapp\AndroidManifest.xml:30:9-41
	android:icon
		ADDED from ANDROID_2\bluetoochapp\AndroidManifest.xml:29:9-45
	android:allowBackup
		ADDED from ANDROID_2\bluetoochapp\AndroidManifest.xml:28:9-35
	android:theme
		ADDED from ANDROID_2\bluetoochapp\AndroidManifest.xml:32:9-45
	android:name
		ADDED from ANDROID_2\bluetoochapp\AndroidManifest.xml:27:9-60
service#com.cypress.btion.BLEConnectionServices.BluetoothLeService
ADDED from ANDROID_2\bluetoochapp\AndroidManifest.xml:33:9-35:38
	android:enabled
		ADDED from ANDROID_2\bluetoochapp\AndroidManifest.xml:35:13-35
	android:name
		ADDED from ANDROID_2\bluetoochapp\AndroidManifest.xml:34:13-86
receiver#com.cypress.btion.OTAFirmwareUpdate.OTAResponseReceiver
ADDED from ANDROID_2\bluetoochapp\AndroidManifest.xml:37:9-41:20
	android:name
		ADDED from ANDROID_2\bluetoochapp\AndroidManifest.xml:37:19-89
intent-filter#action:name:com.cysmart.bluetooth.le.ACTION_OTA_DATA_AVAILABLE
ADDED from ANDROID_2\bluetoochapp\AndroidManifest.xml:38:13-40:29
action#com.cysmart.bluetooth.le.ACTION_OTA_DATA_AVAILABLE
ADDED from ANDROID_2\bluetoochapp\AndroidManifest.xml:39:17-93
	android:name
		ADDED from ANDROID_2\bluetoochapp\AndroidManifest.xml:39:25-90
receiver#com.cypress.btion.BLEStatusReceiver
ADDED from ANDROID_2\bluetoochapp\AndroidManifest.xml:42:9-46:20
	android:name
		ADDED from ANDROID_2\bluetoochapp\AndroidManifest.xml:42:19-69
intent-filter#action:name:com.example.bluetooth.le.ACTION_GATT_DISCONNECTED
ADDED from ANDROID_2\bluetoochapp\AndroidManifest.xml:43:13-45:29
action#com.example.bluetooth.le.ACTION_GATT_DISCONNECTED
ADDED from ANDROID_2\bluetoochapp\AndroidManifest.xml:44:17-92
	android:name
		ADDED from ANDROID_2\bluetoochapp\AndroidManifest.xml:44:25-89
activity#com.cypress.btion.SplashPageActivity
ADDED from ANDROID_2\bluetoochapp\AndroidManifest.xml:48:9-58:20
	android:label
		ADDED from ANDROID_2\bluetoochapp\AndroidManifest.xml:51:13-45
	android:configChanges
		ADDED from ANDROID_2\bluetoochapp\AndroidManifest.xml:50:13-59
	android:theme
		ADDED from ANDROID_2\bluetoochapp\AndroidManifest.xml:52:13-75
	android:name
		ADDED from ANDROID_2\bluetoochapp\AndroidManifest.xml:49:13-64
intent-filter#action:name:android.intent.action.MAIN+category:name:android.intent.category.LAUNCHER
ADDED from ANDROID_2\bluetoochapp\AndroidManifest.xml:53:13-57:29
action#android.intent.action.MAIN
ADDED from ANDROID_2\bluetoochapp\AndroidManifest.xml:54:17-69
	android:name
		ADDED from ANDROID_2\bluetoochapp\AndroidManifest.xml:54:25-66
category#android.intent.category.LAUNCHER
ADDED from ANDROID_2\bluetoochapp\AndroidManifest.xml:56:17-77
	android:name
		ADDED from ANDROID_2\bluetoochapp\AndroidManifest.xml:56:27-74
activity#com.cypress.btion.HomePageActivity
ADDED from ANDROID_2\bluetoochapp\AndroidManifest.xml:59:9-106:20
	android:launchMode
		ADDED from ANDROID_2\bluetoochapp\AndroidManifest.xml:62:13-44
	android:windowSoftInputMode
		ADDED from ANDROID_2\bluetoochapp\AndroidManifest.xml:64:13-52
	android:configChanges
		ADDED from ANDROID_2\bluetoochapp\AndroidManifest.xml:61:13-59
	android:theme
		ADDED from ANDROID_2\bluetoochapp\AndroidManifest.xml:63:13-49
	android:name
		ADDED from ANDROID_2\bluetoochapp\AndroidManifest.xml:60:13-62
meta-data#android.app.searchable
ADDED from ANDROID_2\bluetoochapp\AndroidManifest.xml:65:13-67:54
	android:resource
		ADDED from ANDROID_2\bluetoochapp\AndroidManifest.xml:67:17-51
	android:name
		ADDED from ANDROID_2\bluetoochapp\AndroidManifest.xml:66:17-54
intent-filter#action:name:android.intent.action.VIEW+category:name:android.intent.category.DEFAULT+data:mimeType:application/octet-stream+data:pathPattern:.*\\.cyacd+data:scheme:content
ADDED from ANDROID_2\bluetoochapp\AndroidManifest.xml:71:13-80:29
action#android.intent.action.VIEW
ADDED from ANDROID_2\bluetoochapp\AndroidManifest.xml:72:17-69
	android:name
		ADDED from ANDROID_2\bluetoochapp\AndroidManifest.xml:72:25-66
category#android.intent.category.DEFAULT
ADDED from ANDROID_2\bluetoochapp\AndroidManifest.xml:74:17-76
	android:name
		ADDED from ANDROID_2\bluetoochapp\AndroidManifest.xml:74:27-73
data
ADDED from ANDROID_2\bluetoochapp\AndroidManifest.xml:76:17-79:48
	android:host
		ADDED from ANDROID_2\bluetoochapp\AndroidManifest.xml:89:21-37
	android:scheme
		ADDED from ANDROID_2\bluetoochapp\AndroidManifest.xml:79:21-45
	android:pathPattern
		ADDED from ANDROID_2\bluetoochapp\AndroidManifest.xml:78:21-53
	android:mimeType
		ADDED from ANDROID_2\bluetoochapp\AndroidManifest.xml:77:21-64
intent-filter#action:name:android.intent.action.VIEW+category:name:android.intent.category.DEFAULT+data:host:*+data:mimeType:*/*+data:pathPattern:.*\\.cyacd+data:scheme:file
ADDED from ANDROID_2\bluetoochapp\AndroidManifest.xml:83:13-93:29
intent-filter#action:name:android.intent.action.VIEW+category:name:android.intent.category.BROWSABLE+category:name:android.intent.category.DEFAULT+data:host:*+data:pathPattern:.*\\.cyacd+data:scheme:http
ADDED from ANDROID_2\bluetoochapp\AndroidManifest.xml:96:13-105:29
category#android.intent.category.BROWSABLE
ADDED from ANDROID_2\bluetoochapp\AndroidManifest.xml:99:17-78
	android:name
		ADDED from ANDROID_2\bluetoochapp\AndroidManifest.xml:99:27-75
activity#com.cypress.btion.OTAFirmwareUpdate.OTAFilesListingActivity
ADDED from ANDROID_2\bluetoochapp\AndroidManifest.xml:107:9-111:55
	android:windowSoftInputMode
		ADDED from ANDROID_2\bluetoochapp\AndroidManifest.xml:111:13-52
	android:configChanges
		ADDED from ANDROID_2\bluetoochapp\AndroidManifest.xml:109:13-59
	android:theme
		ADDED from ANDROID_2\bluetoochapp\AndroidManifest.xml:110:13-88
	android:name
		ADDED from ANDROID_2\bluetoochapp\AndroidManifest.xml:108:13-87
activity#com.cypress.btion.DataLoggerFragments.DataLoggerHistoryList
ADDED from ANDROID_2\bluetoochapp\AndroidManifest.xml:112:9-116:55
	android:windowSoftInputMode
		ADDED from ANDROID_2\bluetoochapp\AndroidManifest.xml:116:13-52
	android:configChanges
		ADDED from ANDROID_2\bluetoochapp\AndroidManifest.xml:114:13-59
	android:theme
		ADDED from ANDROID_2\bluetoochapp\AndroidManifest.xml:115:13-88
	android:name
		ADDED from ANDROID_2\bluetoochapp\AndroidManifest.xml:113:13-87
activity#com.cypress.btion.CustomApp.ui.channelsdata.ChannelsDataActivity
ADDED from ANDROID_2\bluetoochapp\AndroidManifest.xml:120:9-123:15
	android:theme
		ADDED from ANDROID_2\bluetoochapp\AndroidManifest.xml:122:13-57
	android:name
		ADDED from ANDROID_2\bluetoochapp\AndroidManifest.xml:121:13-92
activity#com.cypress.btion.CustomApp.ui.maactivitychart.MaActivityChart
ADDED from ANDROID_2\bluetoochapp\AndroidManifest.xml:127:9-129:47
	android:theme
		ADDED from ANDROID_2\bluetoochapp\AndroidManifest.xml:129:13-45
	android:name
		ADDED from ANDROID_2\bluetoochapp\AndroidManifest.xml:128:13-90
activity#com.cypress.btion.CustomApp.ui.mbactivitychart.MbActivityChart
ADDED from ANDROID_2\bluetoochapp\AndroidManifest.xml:133:9-134:47
	android:theme
		ADDED from ANDROID_2\bluetoochapp\AndroidManifest.xml:134:13-45
	android:name
		ADDED from ANDROID_2\bluetoochapp\AndroidManifest.xml:133:19-96
service#com.cypress.btion.CustomApp.services.CustomService3Channels
ADDED from ANDROID_2\bluetoochapp\AndroidManifest.xml:138:9-95
	android:name
		ADDED from ANDROID_2\bluetoochapp\AndroidManifest.xml:138:18-92
service#com.cypress.btion.CustomApp.services.CustomService2Channels
ADDED from ANDROID_2\bluetoochapp\AndroidManifest.xml:140:9-95
	android:name
		ADDED from ANDROID_2\bluetoochapp\AndroidManifest.xml:140:18-92
uses-sdk
INJECTED from ANDROID_2\bluetoochapp\AndroidManifest.xml reason: use-sdk injection requested
INJECTED from ANDROID_2\bluetoochapp\AndroidManifest.xml
INJECTED from ANDROID_2\bluetoochapp\AndroidManifest.xml
MERGED from [com.android.support:design:28.0.0] AndroidManifest.xml:20:5-44
MERGED from [com.android.support:design:28.0.0] AndroidManifest.xml:20:5-44
MERGED from [com.android.support:appcompat-v7:28.0.0] AndroidManifest.xml:20:5-44
MERGED from [com.android.support:appcompat-v7:28.0.0] AndroidManifest.xml:20:5-44
MERGED from [com.android.support:support-v4:28.0.0] AndroidManifest.xml:20:5-44
MERGED from [com.android.support:support-v4:28.0.0] AndroidManifest.xml:20:5-44
MERGED from [com.github.PhilJay:MPAndroidChart:v3.1.0-alpha] AndroidManifest.xml:16:5-18:41
MERGED from [com.github.PhilJay:MPAndroidChart:v3.1.0-alpha] AndroidManifest.xml:16:5-18:41
MERGED from [com.android.support.constraint:constraint-layout:1.1.3] AndroidManifest.xml:5:5-7:41
MERGED from [com.android.support.constraint:constraint-layout:1.1.3] AndroidManifest.xml:5:5-7:41
MERGED from [com.android.support:support-fragment:28.0.0] AndroidManifest.xml:20:5-44
MERGED from [com.android.support:support-fragment:28.0.0] AndroidManifest.xml:20:5-44
MERGED from [com.android.support:animated-vector-drawable:28.0.0] AndroidManifest.xml:20:5-44
MERGED from [com.android.support:animated-vector-drawable:28.0.0] AndroidManifest.xml:20:5-44
MERGED from [com.android.support:recyclerview-v7:28.0.0] AndroidManifest.xml:20:5-44
MERGED from [com.android.support:recyclerview-v7:28.0.0] AndroidManifest.xml:20:5-44
MERGED from [com.android.support:support-core-ui:28.0.0] AndroidManifest.xml:20:5-44
MERGED from [com.android.support:support-core-ui:28.0.0] AndroidManifest.xml:20:5-44
MERGED from [com.android.support:support-core-utils:28.0.0] AndroidManifest.xml:20:5-44
MERGED from [com.android.support:support-core-utils:28.0.0] AndroidManifest.xml:20:5-44
MERGED from [com.android.support:support-vector-drawable:28.0.0] AndroidManifest.xml:20:5-44
MERGED from [com.android.support:support-vector-drawable:28.0.0] AndroidManifest.xml:20:5-44
MERGED from [com.android.support:support-media-compat:28.0.0] AndroidManifest.xml:20:5-44
MERGED from [com.android.support:support-media-compat:28.0.0] AndroidManifest.xml:20:5-44
MERGED from [com.android.support:transition:28.0.0] AndroidManifest.xml:20:5-44
MERGED from [com.android.support:transition:28.0.0] AndroidManifest.xml:20:5-44
MERGED from [com.android.support:loader:28.0.0] AndroidManifest.xml:20:5-44
MERGED from [com.android.support:loader:28.0.0] AndroidManifest.xml:20:5-44
MERGED from [com.android.support:viewpager:28.0.0] AndroidManifest.xml:20:5-44
MERGED from [com.android.support:viewpager:28.0.0] AndroidManifest.xml:20:5-44
MERGED from [com.android.support:coordinatorlayout:28.0.0] AndroidManifest.xml:20:5-44
MERGED from [com.android.support:coordinatorlayout:28.0.0] AndroidManifest.xml:20:5-44
MERGED from [com.android.support:drawerlayout:28.0.0] AndroidManifest.xml:20:5-44
MERGED from [com.android.support:drawerlayout:28.0.0] AndroidManifest.xml:20:5-44
MERGED from [com.android.support:slidingpanelayout:28.0.0] AndroidManifest.xml:20:5-44
MERGED from [com.android.support:slidingpanelayout:28.0.0] AndroidManifest.xml:20:5-44
MERGED from [com.android.support:customview:28.0.0] AndroidManifest.xml:20:5-44
MERGED from [com.android.support:customview:28.0.0] AndroidManifest.xml:20:5-44
MERGED from [com.android.support:swiperefreshlayout:28.0.0] AndroidManifest.xml:20:5-44
MERGED from [com.android.support:swiperefreshlayout:28.0.0] AndroidManifest.xml:20:5-44
MERGED from [com.android.support:asynclayoutinflater:28.0.0] AndroidManifest.xml:20:5-44
MERGED from [com.android.support:asynclayoutinflater:28.0.0] AndroidManifest.xml:20:5-44
MERGED from [com.android.support:support-compat:28.0.0] AndroidManifest.xml:20:5-44
MERGED from [com.android.support:support-compat:28.0.0] AndroidManifest.xml:20:5-44
MERGED from [com.android.support:versionedparcelable:28.0.0] AndroidManifest.xml:20:5-44
MERGED from [com.android.support:versionedparcelable:28.0.0] AndroidManifest.xml:20:5-44
MERGED from [com.android.support:cursoradapter:28.0.0] AndroidManifest.xml:20:5-44
MERGED from [com.android.support:cursoradapter:28.0.0] AndroidManifest.xml:20:5-44
MERGED from [com.android.support:cardview-v7:28.0.0] AndroidManifest.xml:20:5-44
MERGED from [com.android.support:cardview-v7:28.0.0] AndroidManifest.xml:20:5-44
MERGED from [android.arch.lifecycle:runtime:1.1.1] AndroidManifest.xml:20:5-44
MERGED from [android.arch.lifecycle:runtime:1.1.1] AndroidManifest.xml:20:5-44
MERGED from [com.android.support:documentfile:28.0.0] AndroidManifest.xml:20:5-44
MERGED from [com.android.support:documentfile:28.0.0] AndroidManifest.xml:20:5-44
MERGED from [com.android.support:localbroadcastmanager:28.0.0] AndroidManifest.xml:20:5-44
MERGED from [com.android.support:localbroadcastmanager:28.0.0] AndroidManifest.xml:20:5-44
MERGED from [com.android.support:print:28.0.0] AndroidManifest.xml:20:5-44
MERGED from [com.android.support:print:28.0.0] AndroidManifest.xml:20:5-44
MERGED from [android.arch.lifecycle:viewmodel:1.1.1] AndroidManifest.xml:20:5-44
MERGED from [android.arch.lifecycle:viewmodel:1.1.1] AndroidManifest.xml:20:5-44
MERGED from [com.android.support:interpolator:28.0.0] AndroidManifest.xml:20:5-44
MERGED from [com.android.support:interpolator:28.0.0] AndroidManifest.xml:20:5-44
MERGED from [android.arch.lifecycle:livedata:1.1.1] AndroidManifest.xml:20:5-44
MERGED from [android.arch.lifecycle:livedata:1.1.1] AndroidManifest.xml:20:5-44
MERGED from [android.arch.lifecycle:livedata-core:1.1.1] AndroidManifest.xml:20:5-44
MERGED from [android.arch.lifecycle:livedata-core:1.1.1] AndroidManifest.xml:20:5-44
MERGED from [android.arch.core:runtime:1.1.1] AndroidManifest.xml:20:5-44
MERGED from [android.arch.core:runtime:1.1.1] AndroidManifest.xml:20:5-44
INJECTED from ANDROID_2\bluetoochapp\AndroidManifest.xml
INJECTED from ANDROID_2\bluetoochapp\AndroidManifest.xml
	android:targetSdkVersion
		INJECTED from ANDROID_2\bluetoochapp\AndroidManifest.xml
		ADDED from ANDROID_2\bluetoochapp\AndroidManifest.xml
		INJECTED from ANDROID_2\bluetoochapp\AndroidManifest.xml
	android:minSdkVersion
		INJECTED from ANDROID_2\bluetoochapp\AndroidManifest.xml
		ADDED from ANDROID_2\bluetoochapp\AndroidManifest.xml
		INJECTED from ANDROID_2\bluetoochapp\AndroidManifest.xml